<?xml version="1.0" encoding="UTF-8"?>
<testsuite name="com.sangwon97.portfolio.PortfolioApplicationTests" tests="1" skipped="0" failures="0" errors="0" timestamp="2025-06-16T10:56:11.895Z" hostname="DESKTOP-MHLIGTV" time="0.549">
  <properties/>
  <testcase name="contextLoads()" classname="com.sangwon97.portfolio.PortfolioApplicationTests" time="0.549"/>
  <system-out><![CDATA[19:56:06.187 [Test worker] INFO org.springframework.test.context.support.AnnotationConfigContextLoaderUtils -- Could not detect default configuration classes for test class [com.sangwon97.portfolio.PortfolioApplicationTests]: PortfolioApplicationTests does not declare any static, non-private, non-final, nested classes annotated with @Configuration.
19:56:06.332 [Test worker] INFO org.springframework.boot.test.context.SpringBootTestContextBootstrapper -- Found @SpringBootConfiguration com.sangwon97.portfolio.PortfolioApplication for test class com.sangwon97.portfolio.PortfolioApplicationTests

  .   ____          _            __ _ _
 /\\ / ___'_ __ _ _(_)_ __  __ _ \ \ \ \
( ( )\___ | '_ | '_| | '_ \/ _` | \ \ \ \
 \\/  ___)| |_)| | | | | || (_| |  ) ) ) )
  '  |____| .__|_| |_|_| |_\__, | / / / /
 =========|_|==============|___/=/_/_/_/

 :: Spring Boot ::                (v3.4.6)

2025-06-16T19:56:06.927+09:00  INFO 7768 --- [portfolio] [    Test worker] c.s.portfolio.PortfolioApplicationTests  : Starting PortfolioApplicationTests using Java 17.0.12 with PID 7768 (started by sangwon in C:\Users\sangwon\portfolio\portfolio)
2025-06-16T19:56:06.928+09:00  INFO 7768 --- [portfolio] [    Test worker] c.s.portfolio.PortfolioApplicationTests  : No active profile set, falling back to 1 default profile: "default"
2025-06-16T19:56:07.756+09:00  INFO 7768 --- [portfolio] [    Test worker] .s.d.r.c.RepositoryConfigurationDelegate : Bootstrapping Spring Data JPA repositories in DEFAULT mode.
2025-06-16T19:56:07.845+09:00  INFO 7768 --- [portfolio] [    Test worker] .s.d.r.c.RepositoryConfigurationDelegate : Finished Spring Data repository scanning in 74 ms. Found 3 JPA repository interfaces.
2025-06-16T19:56:08.390+09:00  INFO 7768 --- [portfolio] [    Test worker] o.hibernate.jpa.internal.util.LogHelper  : HHH000204: Processing PersistenceUnitInfo [name: default]
2025-06-16T19:56:08.474+09:00  INFO 7768 --- [portfolio] [    Test worker] org.hibernate.Version                    : HHH000412: Hibernate ORM core version 6.6.15.Final
2025-06-16T19:56:08.526+09:00  INFO 7768 --- [portfolio] [    Test worker] o.h.c.internal.RegionFactoryInitiator    : HHH000026: Second-level cache disabled
2025-06-16T19:56:08.946+09:00  INFO 7768 --- [portfolio] [    Test worker] o.s.o.j.p.SpringPersistenceUnitInfo      : No LoadTimeWeaver setup: ignoring JPA class transformer
2025-06-16T19:56:08.993+09:00  INFO 7768 --- [portfolio] [    Test worker] com.zaxxer.hikari.HikariDataSource       : HikariPool-1 - Starting...
2025-06-16T19:56:09.407+09:00  INFO 7768 --- [portfolio] [    Test worker] com.zaxxer.hikari.pool.HikariPool        : HikariPool-1 - Added connection com.mysql.cj.jdbc.ConnectionImpl@5c5f12e
2025-06-16T19:56:09.414+09:00  INFO 7768 --- [portfolio] [    Test worker] com.zaxxer.hikari.HikariDataSource       : HikariPool-1 - Start completed.
2025-06-16T19:56:09.486+09:00  WARN 7768 --- [portfolio] [    Test worker] org.hibernate.orm.deprecation            : HHH90000025: MySQL8Dialect does not need to be specified explicitly using 'hibernate.dialect' (remove the property setting and it will be selected by default)
2025-06-16T19:56:09.488+09:00  WARN 7768 --- [portfolio] [    Test worker] org.hibernate.orm.deprecation            : HHH90000026: MySQL8Dialect has been deprecated; use org.hibernate.dialect.MySQLDialect instead
2025-06-16T19:56:09.515+09:00  INFO 7768 --- [portfolio] [    Test worker] org.hibernate.orm.connections.pooling    : HHH10001005: Database info:
	Database JDBC URL [Connecting through datasource 'HikariDataSource (HikariPool-1)']
	Database driver: undefined/unknown
	Database version: 8.0
	Autocommit mode: undefined/unknown
	Isolation level: undefined/unknown
	Minimum pool size: undefined/unknown
	Maximum pool size: undefined/unknown
2025-06-16T19:56:10.615+09:00  INFO 7768 --- [portfolio] [    Test worker] o.h.e.t.j.p.i.JtaPlatformInitiator       : HHH000489: No JTA platform available (set 'hibernate.transaction.jta.platform' to enable JTA platform integration)
2025-06-16T19:56:10.691+09:00  INFO 7768 --- [portfolio] [    Test worker] j.LocalContainerEntityManagerFactoryBean : Initialized JPA EntityManagerFactory for persistence unit 'default'
2025-06-16T19:56:10.969+09:00  INFO 7768 --- [portfolio] [    Test worker] r$InitializeUserDetailsManagerConfigurer : Global AuthenticationManager configured with UserDetailsService bean with name customUserDetailsService
2025-06-16T19:56:11.111+09:00  WARN 7768 --- [portfolio] [    Test worker] JpaBaseConfiguration$JpaWebConfiguration : spring.jpa.open-in-view is enabled by default. Therefore, database queries may be performed during view rendering. Explicitly configure spring.jpa.open-in-view to disable this warning
2025-06-16T19:56:11.229+09:00  INFO 7768 --- [portfolio] [    Test worker] o.s.b.a.w.s.WelcomePageHandlerMapping    : Adding welcome page template: index
2025-06-16T19:56:11.878+09:00  INFO 7768 --- [portfolio] [    Test worker] c.s.portfolio.PortfolioApplicationTests  : Started PortfolioApplicationTests in 5.351 seconds (process running for 6.789)
]]></system-out>
  <system-err><![CDATA[]]></system-err>
</testsuite>
