<?xml version="1.0" encoding="UTF-8"?>
<testsuite name="com.sangwon97.portfolio.PortfolioApplicationTests" tests="1" skipped="0" failures="0" errors="0" timestamp="2025-06-18T05:12:58.861Z" hostname="DESKTOP-MHLIGTV" time="0.511">
  <properties/>
  <testcase name="contextLoads()" classname="com.sangwon97.portfolio.PortfolioApplicationTests" time="0.511"/>
  <system-out><![CDATA[14:12:49.761 [Test worker] INFO org.springframework.test.context.support.AnnotationConfigContextLoaderUtils -- Could not detect default configuration classes for test class [com.sangwon97.portfolio.PortfolioApplicationTests]: PortfolioApplicationTests does not declare any static, non-private, non-final, nested classes annotated with @Configuration.
14:12:49.906 [Test worker] INFO org.springframework.boot.test.context.SpringBootTestContextBootstrapper -- Found @SpringBootConfiguration com.sangwon97.portfolio.PortfolioApplication for test class com.sangwon97.portfolio.PortfolioApplicationTests

  .   ____          _            __ _ _
 /\\ / ___'_ __ _ _(_)_ __  __ _ \ \ \ \
( ( )\___ | '_ | '_| | '_ \/ _` | \ \ \ \
 \\/  ___)| |_)| | | | | || (_| |  ) ) ) )
  '  |____| .__|_| |_|_| |_\__, | / / / /
 =========|_|==============|___/=/_/_/_/

 :: Spring Boot ::                (v3.4.6)

2025-06-18T14:12:50.538+09:00  INFO 9392 --- [portfolio] [    Test worker] c.s.portfolio.PortfolioApplicationTests  : Starting PortfolioApplicationTests using Java 17.0.12 with PID 9392 (started by sangwon in C:\Users\sangwon\portfolio)
2025-06-18T14:12:50.541+09:00  INFO 9392 --- [portfolio] [    Test worker] c.s.portfolio.PortfolioApplicationTests  : No active profile set, falling back to 1 default profile: "default"
2025-06-18T14:12:51.365+09:00  INFO 9392 --- [portfolio] [    Test worker] .s.d.r.c.RepositoryConfigurationDelegate : Bootstrapping Spring Data JPA repositories in DEFAULT mode.
2025-06-18T14:12:51.450+09:00  INFO 9392 --- [portfolio] [    Test worker] .s.d.r.c.RepositoryConfigurationDelegate : Finished Spring Data repository scanning in 74 ms. Found 3 JPA repository interfaces.
2025-06-18T14:12:52.005+09:00  INFO 9392 --- [portfolio] [    Test worker] o.hibernate.jpa.internal.util.LogHelper  : HHH000204: Processing PersistenceUnitInfo [name: default]
2025-06-18T14:12:52.098+09:00  INFO 9392 --- [portfolio] [    Test worker] org.hibernate.Version                    : HHH000412: Hibernate ORM core version 6.6.15.Final
2025-06-18T14:12:52.151+09:00  INFO 9392 --- [portfolio] [    Test worker] o.h.c.internal.RegionFactoryInitiator    : HHH000026: Second-level cache disabled
2025-06-18T14:12:52.572+09:00  INFO 9392 --- [portfolio] [    Test worker] o.s.o.j.p.SpringPersistenceUnitInfo      : No LoadTimeWeaver setup: ignoring JPA class transformer
2025-06-18T14:12:52.617+09:00  INFO 9392 --- [portfolio] [    Test worker] com.zaxxer.hikari.HikariDataSource       : HikariPool-1 - Starting...
2025-06-18T14:12:56.318+09:00  INFO 9392 --- [portfolio] [    Test worker] com.zaxxer.hikari.pool.HikariPool        : HikariPool-1 - Added connection com.mysql.cj.jdbc.ConnectionImpl@26a9c6df
2025-06-18T14:12:56.320+09:00  INFO 9392 --- [portfolio] [    Test worker] com.zaxxer.hikari.HikariDataSource       : HikariPool-1 - Start completed.
2025-06-18T14:12:56.412+09:00  WARN 9392 --- [portfolio] [    Test worker] org.hibernate.orm.deprecation            : HHH90000025: MySQL8Dialect does not need to be specified explicitly using 'hibernate.dialect' (remove the property setting and it will be selected by default)
2025-06-18T14:12:56.413+09:00  WARN 9392 --- [portfolio] [    Test worker] org.hibernate.orm.deprecation            : HHH90000026: MySQL8Dialect has been deprecated; use org.hibernate.dialect.MySQLDialect instead
2025-06-18T14:12:56.437+09:00  INFO 9392 --- [portfolio] [    Test worker] org.hibernate.orm.connections.pooling    : HHH10001005: Database info:
	Database JDBC URL [Connecting through datasource 'HikariDataSource (HikariPool-1)']
	Database driver: undefined/unknown
	Database version: 8.0
	Autocommit mode: undefined/unknown
	Isolation level: undefined/unknown
	Minimum pool size: undefined/unknown
	Maximum pool size: undefined/unknown
2025-06-18T14:12:57.495+09:00  INFO 9392 --- [portfolio] [    Test worker] o.h.e.t.j.p.i.JtaPlatformInitiator       : HHH000489: No JTA platform available (set 'hibernate.transaction.jta.platform' to enable JTA platform integration)
2025-06-18T14:12:57.629+09:00  INFO 9392 --- [portfolio] [    Test worker] j.LocalContainerEntityManagerFactoryBean : Initialized JPA EntityManagerFactory for persistence unit 'default'
2025-06-18T14:12:57.907+09:00  INFO 9392 --- [portfolio] [    Test worker] r$InitializeUserDetailsManagerConfigurer : Global AuthenticationManager configured with UserDetailsService bean with name customUserDetailsService
2025-06-18T14:12:58.050+09:00  WARN 9392 --- [portfolio] [    Test worker] JpaBaseConfiguration$JpaWebConfiguration : spring.jpa.open-in-view is enabled by default. Therefore, database queries may be performed during view rendering. Explicitly configure spring.jpa.open-in-view to disable this warning
2025-06-18T14:12:58.172+09:00  INFO 9392 --- [portfolio] [    Test worker] o.s.b.a.w.s.WelcomePageHandlerMapping    : Adding welcome page template: index
2025-06-18T14:12:58.845+09:00  INFO 9392 --- [portfolio] [    Test worker] c.s.portfolio.PortfolioApplicationTests  : Started PortfolioApplicationTests in 8.731 seconds (process running for 10.149)
]]></system-out>
  <system-err><![CDATA[]]></system-err>
</testsuite>
